<?xml version="1.0" encoding="UTF-8"?>
<!-- Generated by org.testng.reporters.JUnitReportReporter -->
<testsuite hostname="WKWIN9456174" failures="0" tests="1" name="api.RestAssured1" time="4.703" errors="0" timestamp="2021-08-30T10:59:50 IST" skipped="0">
  <testcase classname="api.RestAssured1" name="getWhether" time="4.703"/>
  <system-out/>
</testsuite> <!-- api.RestAssured1 -->
