<?xml version="1.0" encoding="UTF-8"?>
<!-- Generated by org.testng.reporters.JUnitReportReporter -->
<testsuite hostname="WKWIN9456174" failures="0" tests="1" name="common.BasePage" time="0.012" errors="0" timestamp="2021-08-25T10:02:22 IST" skipped="0">
  <testcase classname="common.BasePage" name="ma" time="0.012"/>
  <system-out/>
</testsuite> <!-- common.BasePage -->
