<?xml version="1.0" encoding="UTF-8"?>
<!-- Generated by org.testng.reporters.JUnitReportReporter -->
<testsuite hostname="WKWIN9456174" failures="0" tests="1" name="runner.TestRunner2" time="12.243" errors="0" timestamp="2021-08-29T20:16:21 IST" skipped="0">
  <testcase classname="runner.TestRunner2" name="runScenario" time="12.243"/>
  <system-out/>
</testsuite> <!-- runner.TestRunner2 -->
