<?xml version="1.0" encoding="UTF-8"?>
<!-- Generated by org.testng.reporters.JUnitReportReporter -->
<testsuite hostname="WKWIN9456174" failures="0" tests="1" name="common.abc" time="0.011" errors="0" timestamp="2021-08-25T13:03:55 IST" skipped="0">
  <testcase classname="common.abc" name="ma" time="0.011"/>
  <system-out/>
</testsuite> <!-- common.abc -->
