<?xml version="1.0" encoding="UTF-8"?>
<!-- Generated by org.testng.reporters.JUnitReportReporter -->
<testsuite hostname="WKWIN9456174" failures="0" tests="7" name="runner.TestRunner2" time="62.537" errors="0" timestamp="2021-08-25T13:16:38 IST" skipped="0">
  <testcase classname="runner.TestRunner2" name="runScenario" time="8.769"/>
  <system-out/>
  <testcase classname="runner.TestRunner2" name="runScenario" time="8.952"/>
  <system-out/>
  <testcase classname="runner.TestRunner2" name="runScenario" time="8.173"/>
  <system-out/>
  <testcase classname="runner.TestRunner2" name="runScenario" time="8.118"/>
  <system-out/>
  <testcase classname="runner.TestRunner2" name="runScenario" time="10.957"/>
  <system-out/>
  <testcase classname="runner.TestRunner2" name="runScenario" time="8.596"/>
  <system-out/>
  <testcase classname="runner.TestRunner2" name="runScenario" time="8.972"/>
  <system-out/>
</testsuite> <!-- runner.TestRunner2 -->
