<?xml version="1.0" encoding="UTF-8"?>
<!-- Generated by org.testng.reporters.JUnitReportReporter -->
<testsuite hostname="WKWIN9456174" failures="0" tests="1" name="pages.A2" time="5.086" errors="0" timestamp="2021-08-28T13:06:01 IST" skipped="0">
  <testcase classname="pages.A2" name="m2" time="5.086"/>
  <system-out/>
</testsuite> <!-- pages.A2 -->
