<?xml version="1.0" encoding="UTF-8"?>
<!-- Generated by org.testng.reporters.JUnitReportReporter -->
<testsuite hostname="WKWIN9456174" failures="0" tests="1" name="common.Base" time="0.012" errors="0" timestamp="2021-08-24T18:02:54 IST" skipped="0">
  <testcase classname="common.Base" name="test" time="0.012"/>
  <system-out/>
</testsuite> <!-- common.Base -->
