<?xml version="1.0" encoding="UTF-8"?>
<!-- Generated by org.testng.reporters.JUnitReportReporter -->
<testsuite hostname="WKWIN9456174" failures="0" tests="1" name="pages.A3" time="2.376" errors="0" timestamp="2021-08-28T17:22:56 IST" skipped="0">
  <testcase classname="pages.A3" name="m3" time="2.376"/>
  <system-out/>
</testsuite> <!-- pages.A3 -->
