<?xml version="1.0" encoding="UTF-8"?>
<!-- Generated by org.testng.reporters.JUnitReportReporter -->
<testsuite hostname="WKWIN9456174" failures="0" tests="1" name="runner.Test" time="7.928" errors="0" timestamp="2021-08-27T14:59:19 IST" skipped="0">
  <testcase classname="runner.Test" name="asdnak" time="7.928"/>
  <system-out/>
</testsuite> <!-- runner.Test -->
