<?xml version="1.0" encoding="UTF-8"?>
<!-- Generated by org.testng.reporters.JUnitReportReporter -->
<testsuite hostname="WKWIN9456174" failures="0" tests="1" name="api.ReadJson" time="0.057" errors="0" timestamp="2021-08-30T19:36:24 IST" skipped="0">
  <testcase classname="api.ReadJson" name="readJson" time="0.057"/>
  <system-out/>
</testsuite> <!-- api.ReadJson -->
