<?xml version="1.0" encoding="UTF-8"?>
<!-- Generated by org.testng.reporters.JUnitReportReporter -->
<testsuite skipped="0" hostname="WKWIN9456174" name="runner.TestRunner2" tests="7" failures="0" timestamp="2021-08-24T10:53:33 IST" time="2.100" errors="0">
  <testcase name="runScenario" time="0.300" classname="runner.TestRunner2"/>
  <system-out/>
  <testcase name="runScenario" time="0.300" classname="runner.TestRunner2"/>
  <system-out/>
  <testcase name="runScenario" time="0.300" classname="runner.TestRunner2"/>
  <system-out/>
  <testcase name="runScenario" time="0.300" classname="runner.TestRunner2"/>
  <system-out/>
  <testcase name="runScenario" time="0.300" classname="runner.TestRunner2"/>
  <system-out/>
  <testcase name="runScenario" time="0.300" classname="runner.TestRunner2"/>
  <system-out/>
  <testcase name="runScenario" time="0.300" classname="runner.TestRunner2"/>
  <system-out/>
</testsuite> <!-- runner.TestRunner2 -->
